[20:00:52] [ServerMain/INFO]: Environment: Environment[sessionHost=https://sessionserver.mojang.com, servicesHost=https://api.minecraftservices.com, name=PROD]
[20:00:53] [ServerMain/INFO]: No existing world data, creating new world
[20:00:54] [ServerMain/INFO]: Loaded 1290 recipes
[20:00:54] [ServerMain/INFO]: Loaded 1399 advancements
[20:00:54] [Server thread/INFO]: Starting minecraft server version 1.21
[20:00:54] [Server thread/INFO]: Loading properties
[20:00:54] [Server thread/INFO]: Default game type: SURVIVAL
[20:00:54] [Server thread/INFO]: Generating keypair
[20:00:54] [Server thread/INFO]: Starting Minecraft server on *:25565
[20:00:54] [Server thread/INFO]: Using epoll channel type
[20:00:54] [Server thread/WARN]: **** SERVER IS RUNNING IN OFFLINE/INSECURE MODE!
[20:00:54] [Server thread/WARN]: The server will make no attempt to authenticate usernames. Beware.
[20:00:54] [Server thread/WARN]: While this makes the game possible to play without internet access, it also opens up the ability for hackers to connect with any username they choose.
[20:00:54] [Server thread/WARN]: To change this, set "online-mode" to "true" in the server.properties file.
[20:00:54] [Server thread/INFO]: Preparing level "world"
[20:01:00] [Server thread/INFO]: Preparing start region for dimension minecraft:overworld
[20:01:00] [Worker-Main-1/INFO]: Preparing spawn area: 2%
[20:01:00] [Worker-Main-3/INFO]: Preparing spawn area: 2%
[20:01:01] [Worker-Main-3/INFO]: Preparing spawn area: 2%
[20:01:01] [Worker-Main-1/INFO]: Preparing spawn area: 2%
[20:01:02] [Worker-Main-3/INFO]: Preparing spawn area: 18%
[20:01:02] [Worker-Main-1/INFO]: Preparing spawn area: 18%
[20:01:03] [Worker-Main-3/INFO]: Preparing spawn area: 18%
[20:01:03] [Worker-Main-2/INFO]: Preparing spawn area: 44%
[20:01:04] [Worker-Main-1/INFO]: Preparing spawn area: 51%
[20:01:04] [Worker-Main-2/INFO]: Preparing spawn area: 51%
[20:01:05] [Worker-Main-1/INFO]: Preparing spawn area: 51%
[20:01:05] [Server thread/INFO]: Time elapsed: 5308 ms
[20:01:05] [Server thread/INFO]: Done (10.680s)! For help, type "help"
[20:03:09] [Server thread/INFO]: Lukitas024[/10.244.154.143:51455] logged in with entity id 34 at (-19.5, 79.0, 14.5)
[20:03:09] [Server thread/INFO]: Lukitas024 joined the game
[20:04:22] [Server thread/INFO]: Lukitas024 lost connection: Disconnected
[20:04:22] [Server thread/INFO]: Lukitas024 left the game
[20:04:53] [Server thread/INFO]: Lukitas024[/10.244.154.143:51603] logged in with entity id 666 at (-14.313151501254891, 82.0, 23.69999998807907)
[20:04:53] [Server thread/INFO]: Lukitas024 joined the game
[20:09:46] [Server thread/INFO]: Lukitas024 has made the advancement [Stone Age]
[20:10:00] [Server thread/INFO]: Lukitas024 has made the advancement [Getting an Upgrade]
[20:13:34] [Server thread/INFO]: Ninset6[/10.244.199.158:59959] logged in with entity id 2549 at (-12.5, 78.0, 12.5)
[20:13:34] [Server thread/INFO]: Ninset6 joined the game
[20:14:30] [Server thread/INFO]: Ninset6 has made the advancement [Stone Age]
[20:14:47] [Server thread/INFO]: Ninset6 has made the advancement [Getting an Upgrade]
[20:17:21] [Server thread/INFO]: Ninset6 has made the advancement [Monster Hunter]
[20:18:39] [Server thread/INFO]: Ninset6 lost connection: Disconnected
[20:18:39] [Server thread/INFO]: Ninset6 left the game
[20:19:05] [Server thread/INFO]: Unknown or incomplete command, see below for error
[20:19:05] [Server thread/INFO]: didifficulty<--[HERE]
[20:19:15] [Server thread/INFO]: The difficulty has been set to Normal
